\BOOKMARK [1][-]{section.1}{Introduction}{}% 1
\BOOKMARK [1][-]{section.2}{General}{}% 2
\BOOKMARK [2][-]{subsection.2.1}{Main}{section.2}% 3
\BOOKMARK [2][-]{subsection.2.2}{Unique Identifier Generator}{section.2}% 4
\BOOKMARK [2][-]{subsection.2.3}{Pair}{section.2}% 5
\BOOKMARK [1][-]{section.3}{Scanner}{}% 6
\BOOKMARK [2][-]{subsection.3.1}{TokenType}{section.3}% 7
\BOOKMARK [2][-]{subsection.3.2}{Token}{section.3}% 8
\BOOKMARK [2][-]{subsection.3.3}{Lookup}{section.3}% 9
\BOOKMARK [2][-]{subsection.3.4}{Scanner}{section.3}% 10
\BOOKMARK [1][-]{section.4}{Parser}{}% 11
\BOOKMARK [1][-]{section.5}{Symbol Table}{}% 12
\BOOKMARK [2][-]{subsection.5.1}{Scope}{section.5}% 13
\BOOKMARK [1][-]{section.6}{Syntax Tree}{}% 14
\BOOKMARK [1][-]{section.7}{Details}{}% 15
\BOOKMARK [2][-]{subsection.7.1}{toMips}{section.7}% 16
\BOOKMARK [3][-]{subsubsection.7.1.1}{Declarations}{subsection.7.1}% 17
\BOOKMARK [3][-]{subsubsection.7.1.2}{Stack}{subsection.7.1}% 18
\BOOKMARK [3][-]{subsubsection.7.1.3}{Functions}{subsection.7.1}% 19
\BOOKMARK [3][-]{subsubsection.7.1.4}{Floating point opperations}{subsection.7.1}% 20
